[0m01:16:24.487146 [debug] [MainThread]: Sending event: {'category': 'dbt', 'action': 'invocation', 'label': 'start', 'context': [<snowplow_tracker.self_describing_json.SelfDescribingJson object at 0x0000026E9322BB60>, <snowplow_tracker.self_describing_json.SelfDescribingJson object at 0x0000026E92E18FB0>, <snowplow_tracker.self_describing_json.SelfDescribingJson object at 0x0000026E92E83140>]}


============================== 01:16:24.534220 | 111a2bf7-4b42-4f17-8c96-931864cddaa1 ==============================
[0m01:16:24.534220 [info ] [MainThread]: Running with dbt=1.10.15
[0m01:16:24.534220 [debug] [MainThread]: running dbt with arguments {'version_check': 'True', 'no_print': 'None', 'static_parser': 'True', 'warn_error_options': 'WarnErrorOptionsV2(error=[], warn=[], silence=[])', 'target_path': 'None', 'printer_width': '80', 'write_json': 'True', 'empty': 'None', 'log_cache_events': 'False', 'introspect': 'True', 'cache_selected_only': 'False', 'fail_fast': 'False', 'debug': 'False', 'log_format': 'default', 'profiles_dir': 'C:\\Users\\arfan\\.dbt', 'send_anonymous_usage_stats': 'True', 'quiet': 'False', 'warn_error': 'None', 'partial_parse': 'True', 'use_colors': 'True', 'invocation_command': 'dbt init', 'indirect_selection': 'eager', 'use_experimental_parser': 'False', 'log_path': 'logs'}
[0m01:16:24.599443 [info ] [MainThread]: Creating dbt configuration folder at C:\Users\arfan\.dbt
[0m01:17:19.854040 [debug] [MainThread]: Starter project path: C:\Users\arfan\OneDrive\Desktop\DBT\.venv\Lib\site-packages\dbt\include\starter_project
[0m01:17:19.877995 [info ] [MainThread]: 
Your new dbt project "abir_dbt" was created!

For more information on how to configure the profiles.yml file,
please consult the dbt documentation here:

  https://docs.getdbt.com/docs/configure-your-profile

One more thing:

Need help? Don't hesitate to reach out to us via GitHub issues or on Slack:

  https://community.getdbt.com/

Happy modeling!

[0m01:17:19.877995 [info ] [MainThread]: Setting up your profile.
[0m01:18:07.827451 [debug] [MainThread]: Spark adapter: Setting pyhive.hive logging to ERROR
[0m01:18:07.827451 [debug] [MainThread]: Spark adapter: Setting thrift.transport logging to ERROR
[0m01:18:07.827451 [debug] [MainThread]: Spark adapter: Setting thrift.protocol logging to ERROR
[0m01:22:54.582305 [info ] [MainThread]: Profile abir_dbt written to C:\Users\arfan\.dbt\profiles.yml using target's profile_template.yml and your supplied values. Run 'dbt debug' to validate the connection.
[0m01:22:54.582305 [debug] [MainThread]: Command `dbt init` succeeded at 01:22:54.582305 after 390.21 seconds
[0m01:22:54.582305 [debug] [MainThread]: Sending event: {'category': 'dbt', 'action': 'invocation', 'label': 'end', 'context': [<snowplow_tracker.self_describing_json.SelfDescribingJson object at 0x0000026E92DDB320>, <snowplow_tracker.self_describing_json.SelfDescribingJson object at 0x0000026EAE58B7A0>, <snowplow_tracker.self_describing_json.SelfDescribingJson object at 0x0000026EB15BF560>]}
[0m01:22:54.582305 [debug] [MainThread]: Flushing usage events
[0m01:22:56.107897 [debug] [MainThread]: An error was encountered while trying to flush usage events
[0m01:23:07.962262 [debug] [MainThread]: Sending event: {'category': 'dbt', 'action': 'invocation', 'label': 'start', 'context': [<snowplow_tracker.self_describing_json.SelfDescribingJson object at 0x000001FAFB16E7E0>, <snowplow_tracker.self_describing_json.SelfDescribingJson object at 0x000001FAFAB673B0>, <snowplow_tracker.self_describing_json.SelfDescribingJson object at 0x000001FAF9182420>]}


============================== 01:23:07.962262 | 875c06d9-6cce-4076-a9db-88139004bf85 ==============================
[0m01:23:07.962262 [info ] [MainThread]: Running with dbt=1.10.15
[0m01:23:07.962262 [debug] [MainThread]: running dbt with arguments {'version_check': 'True', 'no_print': 'None', 'static_parser': 'True', 'target_path': 'None', 'warn_error_options': 'WarnErrorOptionsV2(error=[], warn=[], silence=[])', 'printer_width': '80', 'write_json': 'True', 'introspect': 'True', 'log_cache_events': 'False', 'empty': 'None', 'cache_selected_only': 'False', 'log_format': 'default', 'debug': 'False', 'fail_fast': 'False', 'partial_parse': 'True', 'send_anonymous_usage_stats': 'True', 'quiet': 'False', 'warn_error': 'None', 'profiles_dir': 'C:\\Users\\arfan\\.dbt', 'invocation_command': 'dbt debug', 'indirect_selection': 'eager', 'use_colors': 'True', 'use_experimental_parser': 'False', 'log_path': 'logs'}
[0m01:23:07.982243 [info ] [MainThread]: dbt version: 1.10.15
[0m01:23:07.983493 [info ] [MainThread]: python version: 3.12.10
[0m01:23:07.983493 [info ] [MainThread]: python path: C:\Users\arfan\OneDrive\Desktop\DBT\.venv\Scripts\python.exe
[0m01:23:07.983493 [info ] [MainThread]: os info: Windows-11-10.0.26200-SP0
[0m01:23:08.626144 [debug] [MainThread]: Spark adapter: Setting pyhive.hive logging to ERROR
[0m01:23:08.627147 [debug] [MainThread]: Spark adapter: Setting thrift.transport logging to ERROR
[0m01:23:08.627147 [debug] [MainThread]: Spark adapter: Setting thrift.protocol logging to ERROR
[0m01:23:09.092919 [info ] [MainThread]: Using profiles dir at C:\Users\arfan\.dbt
[0m01:23:09.092919 [info ] [MainThread]: Using profiles.yml file at C:\Users\arfan\.dbt\profiles.yml
[0m01:23:09.092919 [info ] [MainThread]: Using dbt_project.yml file at C:\Users\arfan\OneDrive\Desktop\DBT\dbt_project.yml
[0m01:23:09.092919 [info ] [MainThread]: adapter type: databricks
[0m01:23:09.092919 [info ] [MainThread]: adapter version: 1.11.0
[0m01:23:09.092919 [info ] [MainThread]: Configuration:
[0m01:23:09.092919 [info ] [MainThread]:   profiles.yml file [[32mOK found and valid[0m]
[0m01:23:09.092919 [info ] [MainThread]:   dbt_project.yml file [[31mERROR not found[0m]
[0m01:23:09.092919 [info ] [MainThread]: Required dependencies:
[0m01:23:09.092919 [debug] [MainThread]: Executing "git --help"
[0m01:23:09.131617 [debug] [MainThread]: STDOUT: "b"usage: git [-v | --version] [-h | --help] [-C <path>] [-c <name>=<value>]\n           [--exec-path[=<path>]] [--html-path] [--man-path] [--info-path]\n           [-p | --paginate | -P | --no-pager] [--no-replace-objects] [--no-lazy-fetch]\n           [--no-optional-locks] [--no-advice] [--bare] [--git-dir=<path>]\n           [--work-tree=<path>] [--namespace=<name>] [--config-env=<name>=<envvar>]\n           <command> [<args>]\n\nThese are common Git commands used in various situations:\n\nstart a working area (see also: git help tutorial)\n   clone      Clone a repository into a new directory\n   init       Create an empty Git repository or reinitialize an existing one\n\nwork on the current change (see also: git help everyday)\n   add        Add file contents to the index\n   mv         Move or rename a file, a directory, or a symlink\n   restore    Restore working tree files\n   rm         Remove files from the working tree and from the index\n\nexamine the history and state (see also: git help revisions)\n   bisect     Use binary search to find the commit that introduced a bug\n   diff       Show changes between commits, commit and working tree, etc\n   grep       Print lines matching a pattern\n   log        Show commit logs\n   show       Show various types of objects\n   status     Show the working tree status\n\ngrow, mark and tweak your common history\n   backfill   Download missing objects in a partial clone\n   branch     List, create, or delete branches\n   commit     Record changes to the repository\n   merge      Join two or more development histories together\n   rebase     Reapply commits on top of another base tip\n   reset      Reset current HEAD to the specified state\n   switch     Switch branches\n   tag        Create, list, delete or verify tags\n\ncollaborate (see also: git help workflows)\n   fetch      Download objects and refs from another repository\n   pull       Fetch from and integrate with another repository or a local branch\n   push       Update remote refs along with associated objects\n\n'git help -a' and 'git help -g' list available subcommands and some\nconcept guides. See 'git help <command>' or 'git help <concept>'\nto read about a specific subcommand or concept.\nSee 'git help git' for an overview of the system.\n""
[0m01:23:09.131617 [debug] [MainThread]: STDERR: "b''"
[0m01:23:09.131617 [info ] [MainThread]:  - git [[32mOK found[0m]

[0m01:23:09.131617 [info ] [MainThread]: Connection:
[0m01:23:09.131617 [info ] [MainThread]:   host: dbc-5b928cae-73ed.cloud.databricks.com
[0m01:23:09.131617 [info ] [MainThread]:   http_path: /sql/1.0/warehouses/cee87d9664aa548a
[0m01:23:09.131617 [info ] [MainThread]:   catalog: dbt_tutorial_dev
[0m01:23:09.131617 [info ] [MainThread]:   schema: default
[0m01:23:09.131617 [info ] [MainThread]: Registered adapter: databricks=1.11.0
[0m01:23:09.488451 [debug] [MainThread]: Databricks adapter: DatabricksDBTConnection(session-id=None, name=debug) - Creating connection
[0m01:23:09.488451 [debug] [MainThread]: Acquiring new databricks connection 'debug'
[0m01:23:09.488451 [debug] [MainThread]: Using databricks connection "debug"
[0m01:23:09.488451 [debug] [MainThread]: On debug: select 1 as id
[0m01:23:09.488451 [debug] [MainThread]: Opening a new connection, currently in state init
[0m01:23:12.199136 [debug] [MainThread]: Databricks adapter: Connection(session-id=01f0d859-4118-1d4d-b370-fb91b77a465c) - Created
[0m01:23:25.113636 [debug] [MainThread]: SQL status: OK in 15.630 seconds
[0m01:23:25.113636 [debug] [MainThread]: Databricks adapter: Cursor(session-id=01f0d859-4118-1d4d-b370-fb91b77a465c, command-id=01f0d859-4156-134f-b199-17d2ad1028cb) - Closing
[0m01:23:25.530326 [debug] [MainThread]: On debug: Close
[0m01:23:25.530326 [debug] [MainThread]: Databricks adapter: Connection(session-id=01f0d859-4118-1d4d-b370-fb91b77a465c) - Closing
[0m01:23:25.878989 [info ] [MainThread]:   Connection test: [[32mOK connection ok[0m]

[0m01:23:25.878989 [info ] [MainThread]: [31m1 check failed:[0m
[0m01:23:25.878989 [info ] [MainThread]: Project loading failed for the following reason:
 project path <C:\Users\arfan\OneDrive\Desktop\DBT\dbt_project.yml> not found

[0m01:23:25.878989 [debug] [MainThread]: Command `dbt debug` failed at 01:23:25.878989 after 18.04 seconds
[0m01:23:25.878989 [debug] [MainThread]: Sending event: {'category': 'dbt', 'action': 'invocation', 'label': 'end', 'context': [<snowplow_tracker.self_describing_json.SelfDescribingJson object at 0x000001FAF9182420>, <snowplow_tracker.self_describing_json.SelfDescribingJson object at 0x000001FA9A2F76E0>, <snowplow_tracker.self_describing_json.SelfDescribingJson object at 0x000001FAFAC778F0>]}
[0m01:23:25.878989 [debug] [MainThread]: Flushing usage events
[0m01:23:27.226442 [debug] [MainThread]: An error was encountered while trying to flush usage events
[0m11:51:51.939404 [debug] [MainThread]: Sending event: {'category': 'dbt', 'action': 'invocation', 'label': 'start', 'context': [<snowplow_tracker.self_describing_json.SelfDescribingJson object at 0x0000023F400ECA40>, <snowplow_tracker.self_describing_json.SelfDescribingJson object at 0x0000023F40CC1430>, <snowplow_tracker.self_describing_json.SelfDescribingJson object at 0x0000023F40914830>]}


============================== 11:51:51.957515 | 9bfd72b7-5c82-4490-8d26-f3a9abfd60a6 ==============================
[0m11:51:51.957515 [info ] [MainThread]: Running with dbt=1.10.15
[0m11:51:51.957515 [debug] [MainThread]: running dbt with arguments {'version_check': 'True', 'no_print': 'None', 'static_parser': 'True', 'warn_error_options': 'WarnErrorOptionsV2(error=[], warn=[], silence=[])', 'target_path': 'None', 'printer_width': '80', 'write_json': 'True', 'introspect': 'True', 'log_cache_events': 'False', 'empty': 'False', 'cache_selected_only': 'False', 'fail_fast': 'False', 'debug': 'False', 'log_format': 'default', 'partial_parse': 'True', 'send_anonymous_usage_stats': 'True', 'quiet': 'False', 'warn_error': 'None', 'profiles_dir': 'C:\\Users\\arfan\\.dbt', 'invocation_command': 'dbt run', 'indirect_selection': 'eager', 'use_colors': 'True', 'use_experimental_parser': 'False', 'log_path': 'logs'}
[0m11:51:51.957515 [error] [MainThread]: Encountered an error:
Runtime Error
  No dbt_project.yml found at expected path C:\Users\arfan\OneDrive\Desktop\DBT\dbt_project.yml
  Verify that each entry within packages.yml (and their transitive dependencies) contains a file named dbt_project.yml
  
[0m11:51:51.957515 [debug] [MainThread]: Command `dbt run` failed at 11:51:51.957515 after 0.08 seconds
[0m11:51:51.957515 [debug] [MainThread]: Sending event: {'category': 'dbt', 'action': 'invocation', 'label': 'end', 'context': [<snowplow_tracker.self_describing_json.SelfDescribingJson object at 0x0000023F405778F0>, <snowplow_tracker.self_describing_json.SelfDescribingJson object at 0x0000023F409155B0>, <snowplow_tracker.self_describing_json.SelfDescribingJson object at 0x0000023F3EA808F0>]}
[0m11:51:51.957515 [debug] [MainThread]: Flushing usage events
[0m11:51:53.526603 [debug] [MainThread]: An error was encountered while trying to flush usage events
